mode: set
github.com/ag-ui/go-sdk/pkg/transport/backpressure.go:81.77,96.41 3 1
github.com/ag-ui/go-sdk/pkg/transport/backpressure.go:96.41,98.3 1 0
github.com/ag-ui/go-sdk/pkg/transport/backpressure.go:100.2,100.16 1 1
github.com/ag-ui/go-sdk/pkg/transport/backpressure.go:104.60,108.28 3 0
github.com/ag-ui/go-sdk/pkg/transport/backpressure.go:108.28,112.3 3 0
github.com/ag-ui/go-sdk/pkg/transport/backpressure.go:114.2,114.27 1 0
github.com/ag-ui/go-sdk/pkg/transport/backpressure.go:115.24,116.32 1 0
github.com/ag-ui/go-sdk/pkg/transport/backpressure.go:117.30,118.38 1 0
github.com/ag-ui/go-sdk/pkg/transport/backpressure.go:119.30,120.38 1 0
github.com/ag-ui/go-sdk/pkg/transport/backpressure.go:121.25,122.33 1 0
github.com/ag-ui/go-sdk/pkg/transport/backpressure.go:123.36,124.40 1 0
github.com/ag-ui/go-sdk/pkg/transport/backpressure.go:125.10,126.32 1 0
github.com/ag-ui/go-sdk/pkg/transport/backpressure.go:131.58,133.9 1 0
github.com/ag-ui/go-sdk/pkg/transport/backpressure.go:134.26,135.13 1 0
github.com/ag-ui/go-sdk/pkg/transport/backpressure.go:136.10,137.97 1 0
github.com/ag-ui/go-sdk/pkg/transport/backpressure.go:137.97,139.30 1 0
github.com/ag-ui/go-sdk/pkg/transport/backpressure.go:139.30,144.5 4 0
github.com/ag-ui/go-sdk/pkg/transport/backpressure.go:145.4,145.14 1 0
github.com/ag-ui/go-sdk/pkg/transport/backpressure.go:147.3,147.31 1 0
github.com/ag-ui/go-sdk/pkg/transport/backpressure.go:152.56,154.2 1 0
github.com/ag-ui/go-sdk/pkg/transport/backpressure.go:157.56,159.2 1 0
github.com/ag-ui/go-sdk/pkg/transport/backpressure.go:162.64,166.2 3 0
github.com/ag-ui/go-sdk/pkg/transport/backpressure.go:169.38,173.15 3 1
github.com/ag-ui/go-sdk/pkg/transport/backpressure.go:173.15,175.3 1 0
github.com/ag-ui/go-sdk/pkg/transport/backpressure.go:177.2,181.9 3 1
github.com/ag-ui/go-sdk/pkg/transport/backpressure.go:182.20,182.20 0 0
github.com/ag-ui/go-sdk/pkg/transport/backpressure.go:184.10,185.20 1 1
github.com/ag-ui/go-sdk/pkg/transport/backpressure.go:190.64,191.9 1 0
github.com/ag-ui/go-sdk/pkg/transport/backpressure.go:192.28,193.13 1 0
github.com/ag-ui/go-sdk/pkg/transport/backpressure.go:194.10,195.31 1 0
github.com/ag-ui/go-sdk/pkg/transport/backpressure.go:200.70,201.9 1 0
github.com/ag-ui/go-sdk/pkg/transport/backpressure.go:202.28,203.13 1 0
github.com/ag-ui/go-sdk/pkg/transport/backpressure.go:204.10,206.10 1 0
github.com/ag-ui/go-sdk/pkg/transport/backpressure.go:207.22,209.30 2 0
github.com/ag-ui/go-sdk/pkg/transport/backpressure.go:209.30,214.5 4 0
github.com/ag-ui/go-sdk/pkg/transport/backpressure.go:215.4,215.14 1 0
github.com/ag-ui/go-sdk/pkg/transport/backpressure.go:216.11,217.32 1 0
github.com/ag-ui/go-sdk/pkg/transport/backpressure.go:223.70,224.9 1 0
github.com/ag-ui/go-sdk/pkg/transport/backpressure.go:225.28,226.13 1 0
github.com/ag-ui/go-sdk/pkg/transport/backpressure.go:227.10,229.29 1 0
github.com/ag-ui/go-sdk/pkg/transport/backpressure.go:229.29,234.4 4 0
github.com/ag-ui/go-sdk/pkg/transport/backpressure.go:235.3,235.13 1 0
github.com/ag-ui/go-sdk/pkg/transport/backpressure.go:240.65,243.9 2 0
github.com/ag-ui/go-sdk/pkg/transport/backpressure.go:244.28,245.13 1 0
github.com/ag-ui/go-sdk/pkg/transport/backpressure.go:246.22,247.31 1 0
github.com/ag-ui/go-sdk/pkg/transport/backpressure.go:248.10,250.29 1 0
github.com/ag-ui/go-sdk/pkg/transport/backpressure.go:250.29,255.4 4 0
github.com/ag-ui/go-sdk/pkg/transport/backpressure.go:257.3,257.10 1 0
github.com/ag-ui/go-sdk/pkg/transport/backpressure.go:258.29,259.30 1 0
github.com/ag-ui/go-sdk/pkg/transport/backpressure.go:259.30,263.5 3 0
github.com/ag-ui/go-sdk/pkg/transport/backpressure.go:264.4,264.14 1 0
github.com/ag-ui/go-sdk/pkg/transport/backpressure.go:265.23,266.32 1 0
github.com/ag-ui/go-sdk/pkg/transport/backpressure.go:272.72,275.9 2 0
github.com/ag-ui/go-sdk/pkg/transport/backpressure.go:276.28,277.13 1 0
github.com/ag-ui/go-sdk/pkg/transport/backpressure.go:278.22,279.31 1 0
github.com/ag-ui/go-sdk/pkg/transport/backpressure.go:280.10,282.29 1 0
github.com/ag-ui/go-sdk/pkg/transport/backpressure.go:282.29,287.4 4 0
github.com/ag-ui/go-sdk/pkg/transport/backpressure.go:289.3,292.10 3 0
github.com/ag-ui/go-sdk/pkg/transport/backpressure.go:293.29,294.30 1 0
github.com/ag-ui/go-sdk/pkg/transport/backpressure.go:294.30,298.5 3 0
github.com/ag-ui/go-sdk/pkg/transport/backpressure.go:299.4,299.14 1 0
github.com/ag-ui/go-sdk/pkg/transport/backpressure.go:300.21,301.33 1 0
github.com/ag-ui/go-sdk/pkg/transport/backpressure.go:302.23,303.32 1 0
github.com/ag-ui/go-sdk/pkg/transport/backpressure.go:309.53,313.6 3 0
github.com/ag-ui/go-sdk/pkg/transport/backpressure.go:313.6,314.10 1 0
github.com/ag-ui/go-sdk/pkg/transport/backpressure.go:315.19,316.35 1 0
github.com/ag-ui/go-sdk/pkg/transport/backpressure.go:317.21,318.10 1 0
github.com/ag-ui/go-sdk/pkg/transport/backpressure.go:319.23,320.10 1 0
github.com/ag-ui/go-sdk/pkg/transport/backpressure.go:326.61,332.29 5 0
github.com/ag-ui/go-sdk/pkg/transport/backpressure.go:332.29,334.3 1 0
github.com/ag-ui/go-sdk/pkg/transport/backpressure.go:336.2,343.67 5 0
github.com/ag-ui/go-sdk/pkg/transport/backpressure.go:343.67,347.3 3 0
github.com/ag-ui/go-sdk/pkg/transport/backpressure.go:350.2,350.65 1 0
github.com/ag-ui/go-sdk/pkg/transport/backpressure.go:350.65,354.3 3 0
github.com/ag-ui/go-sdk/pkg/transport/errors.go:96.41,97.16 1 0
github.com/ag-ui/go-sdk/pkg/transport/errors.go:97.16,99.3 1 0
github.com/ag-ui/go-sdk/pkg/transport/errors.go:100.2,100.50 1 0
github.com/ag-ui/go-sdk/pkg/transport/errors.go:104.41,106.2 1 0
github.com/ag-ui/go-sdk/pkg/transport/errors.go:109.45,111.2 1 0
github.com/ag-ui/go-sdk/pkg/transport/errors.go:114.45,116.2 1 0
github.com/ag-ui/go-sdk/pkg/transport/errors.go:119.73,127.2 1 1
github.com/ag-ui/go-sdk/pkg/transport/errors.go:130.73,138.2 1 0
github.com/ag-ui/go-sdk/pkg/transport/errors.go:141.39,144.2 2 0
github.com/ag-ui/go-sdk/pkg/transport/errors.go:152.42,154.2 1 0
github.com/ag-ui/go-sdk/pkg/transport/errors.go:156.42,158.2 1 0
github.com/ag-ui/go-sdk/pkg/transport/errors.go:167.45,168.19 1 0
github.com/ag-ui/go-sdk/pkg/transport/errors.go:168.19,170.3 1 0
github.com/ag-ui/go-sdk/pkg/transport/errors.go:171.2,171.58 1 0
github.com/ag-ui/go-sdk/pkg/transport/interface.go:153.53,155.2 1 0
github.com/ag-ui/go-sdk/pkg/transport/logger.go:26.35,27.11 1 0
github.com/ag-ui/go-sdk/pkg/transport/logger.go:28.21,29.17 1 0
github.com/ag-ui/go-sdk/pkg/transport/logger.go:30.20,31.16 1 0
github.com/ag-ui/go-sdk/pkg/transport/logger.go:32.20,33.16 1 0
github.com/ag-ui/go-sdk/pkg/transport/logger.go:34.21,35.17 1 0
github.com/ag-ui/go-sdk/pkg/transport/logger.go:36.10,37.19 1 0
github.com/ag-ui/go-sdk/pkg/transport/logger.go:81.38,83.2 1 0
github.com/ag-ui/go-sdk/pkg/transport/logger.go:86.39,88.2 1 0
github.com/ag-ui/go-sdk/pkg/transport/logger.go:91.43,93.2 1 0
github.com/ag-ui/go-sdk/pkg/transport/logger.go:96.47,98.2 1 0
github.com/ag-ui/go-sdk/pkg/transport/logger.go:101.41,103.2 1 0
github.com/ag-ui/go-sdk/pkg/transport/logger.go:106.54,108.2 1 0
github.com/ag-ui/go-sdk/pkg/transport/logger.go:111.46,113.2 1 0
github.com/ag-ui/go-sdk/pkg/transport/logger.go:116.29,118.2 1 0
github.com/ag-ui/go-sdk/pkg/transport/logger.go:121.47,123.2 1 0
github.com/ag-ui/go-sdk/pkg/transport/logger.go:147.42,156.2 1 0
github.com/ag-ui/go-sdk/pkg/transport/logger.go:166.45,167.19 1 0
github.com/ag-ui/go-sdk/pkg/transport/logger.go:167.19,169.3 1 0
github.com/ag-ui/go-sdk/pkg/transport/logger.go:171.2,175.3 1 0
github.com/ag-ui/go-sdk/pkg/transport/logger.go:179.78,180.28 1 0
github.com/ag-ui/go-sdk/pkg/transport/logger.go:180.28,182.3 1 0
github.com/ag-ui/go-sdk/pkg/transport/logger.go:184.2,192.33 2 0
github.com/ag-ui/go-sdk/pkg/transport/logger.go:192.33,194.3 1 0
github.com/ag-ui/go-sdk/pkg/transport/logger.go:197.2,197.31 1 0
github.com/ag-ui/go-sdk/pkg/transport/logger.go:197.31,199.27 2 0
github.com/ag-ui/go-sdk/pkg/transport/logger.go:199.27,200.42 1 0
github.com/ag-ui/go-sdk/pkg/transport/logger.go:200.42,202.5 1 0
github.com/ag-ui/go-sdk/pkg/transport/logger.go:206.2,206.16 1 0
github.com/ag-ui/go-sdk/pkg/transport/logger.go:210.64,212.2 1 0
github.com/ag-ui/go-sdk/pkg/transport/logger.go:215.63,217.2 1 0
github.com/ag-ui/go-sdk/pkg/transport/logger.go:220.63,222.2 1 0
github.com/ag-ui/go-sdk/pkg/transport/logger.go:225.64,227.2 1 0
github.com/ag-ui/go-sdk/pkg/transport/logger.go:230.60,240.2 4 0
github.com/ag-ui/go-sdk/pkg/transport/logger.go:243.65,247.2 1 0
github.com/ag-ui/go-sdk/pkg/transport/logger.go:250.47,253.25 2 0
github.com/ag-ui/go-sdk/pkg/transport/logger.go:254.14,255.31 1 0
github.com/ag-ui/go-sdk/pkg/transport/logger.go:256.10,257.31 1 0
github.com/ag-ui/go-sdk/pkg/transport/logger.go:260.2,260.24 1 0
github.com/ag-ui/go-sdk/pkg/transport/logger.go:264.59,270.39 3 0
github.com/ag-ui/go-sdk/pkg/transport/logger.go:270.39,271.21 1 0
github.com/ag-ui/go-sdk/pkg/transport/logger.go:271.21,272.12 1 0
github.com/ag-ui/go-sdk/pkg/transport/logger.go:274.3,274.46 1 0
github.com/ag-ui/go-sdk/pkg/transport/logger.go:278.2,278.24 1 0
github.com/ag-ui/go-sdk/pkg/transport/logger.go:278.24,280.3 1 0
github.com/ag-ui/go-sdk/pkg/transport/logger.go:282.2,282.15 1 0
github.com/ag-ui/go-sdk/pkg/transport/logger.go:286.59,294.39 2 0
github.com/ag-ui/go-sdk/pkg/transport/logger.go:294.39,295.21 1 0
github.com/ag-ui/go-sdk/pkg/transport/logger.go:295.21,296.12 1 0
github.com/ag-ui/go-sdk/pkg/transport/logger.go:298.3,298.50 1 0
github.com/ag-ui/go-sdk/pkg/transport/logger.go:302.2,302.24 1 0
github.com/ag-ui/go-sdk/pkg/transport/logger.go:302.24,304.3 1 0
github.com/ag-ui/go-sdk/pkg/transport/logger.go:306.2,307.15 2 0
github.com/ag-ui/go-sdk/pkg/transport/logger.go:314.29,316.2 1 0
github.com/ag-ui/go-sdk/pkg/transport/logger.go:319.76,319.77 0 0
github.com/ag-ui/go-sdk/pkg/transport/logger.go:322.62,322.63 0 0
github.com/ag-ui/go-sdk/pkg/transport/logger.go:325.61,325.62 0 0
github.com/ag-ui/go-sdk/pkg/transport/logger.go:328.61,328.62 0 0
github.com/ag-ui/go-sdk/pkg/transport/logger.go:331.62,331.63 0 0
github.com/ag-ui/go-sdk/pkg/transport/logger.go:334.57,336.2 1 0
github.com/ag-ui/go-sdk/pkg/transport/logger.go:339.62,341.2 1 0
github.com/ag-ui/go-sdk/pkg/transport/manager_full.go:57.39,58.16 1 0
github.com/ag-ui/go-sdk/pkg/transport/manager_full.go:58.16,75.3 1 0
github.com/ag-ui/go-sdk/pkg/transport/manager_full.go:77.2,97.27 5 0
github.com/ag-ui/go-sdk/pkg/transport/manager_full.go:97.27,100.3 2 0
github.com/ag-ui/go-sdk/pkg/transport/manager_full.go:102.2,102.16 1 0
github.com/ag-ui/go-sdk/pkg/transport/manager_full.go:106.64,108.19 2 0
github.com/ag-ui/go-sdk/pkg/transport/manager_full.go:108.19,110.3 1 0
github.com/ag-ui/go-sdk/pkg/transport/manager_full.go:111.2,111.16 1 0
github.com/ag-ui/go-sdk/pkg/transport/manager_full.go:115.52,122.51 4 0
github.com/ag-ui/go-sdk/pkg/transport/manager_full.go:122.51,126.3 2 0
github.com/ag-ui/go-sdk/pkg/transport/manager_full.go:128.2,131.12 2 0
github.com/ag-ui/go-sdk/pkg/transport/manager_full.go:135.51,139.51 2 0
github.com/ag-ui/go-sdk/pkg/transport/manager_full.go:139.51,143.3 2 0
github.com/ag-ui/go-sdk/pkg/transport/manager_full.go:145.2,164.12 9 0
github.com/ag-ui/go-sdk/pkg/transport/manager_full.go:164.12,167.7 3 0
github.com/ag-ui/go-sdk/pkg/transport/manager_full.go:167.7,168.11 1 0
github.com/ag-ui/go-sdk/pkg/transport/manager_full.go:169.23,170.17 1 0
github.com/ag-ui/go-sdk/pkg/transport/manager_full.go:172.27,173.23 1 0
github.com/ag-ui/go-sdk/pkg/transport/manager_full.go:173.23,177.6 1 0
github.com/ag-ui/go-sdk/pkg/transport/manager_full.go:178.5,178.11 1 0
github.com/ag-ui/go-sdk/pkg/transport/manager_full.go:184.2,185.12 2 0
github.com/ag-ui/go-sdk/pkg/transport/manager_full.go:185.12,188.7 3 0
github.com/ag-ui/go-sdk/pkg/transport/manager_full.go:188.7,189.11 1 0
github.com/ag-ui/go-sdk/pkg/transport/manager_full.go:190.23,191.17 1 0
github.com/ag-ui/go-sdk/pkg/transport/manager_full.go:193.27,194.23 1 0
github.com/ag-ui/go-sdk/pkg/transport/manager_full.go:194.23,198.6 1 0
github.com/ag-ui/go-sdk/pkg/transport/manager_full.go:199.5,199.11 1 0
github.com/ag-ui/go-sdk/pkg/transport/manager_full.go:205.2,206.12 2 0
github.com/ag-ui/go-sdk/pkg/transport/manager_full.go:206.12,209.3 2 0
github.com/ag-ui/go-sdk/pkg/transport/manager_full.go:211.2,211.9 1 0
github.com/ag-ui/go-sdk/pkg/transport/manager_full.go:212.18,214.32 1 0
github.com/ag-ui/go-sdk/pkg/transport/manager_full.go:215.25,217.32 1 0
github.com/ag-ui/go-sdk/pkg/transport/manager_full.go:221.2,221.30 1 0
github.com/ag-ui/go-sdk/pkg/transport/manager_full.go:221.30,222.54 1 0
github.com/ag-ui/go-sdk/pkg/transport/manager_full.go:222.54,227.4 2 0
github.com/ag-ui/go-sdk/pkg/transport/manager_full.go:229.3,230.32 1 0
github.com/ag-ui/go-sdk/pkg/transport/manager_full.go:234.2,234.34 1 0
github.com/ag-ui/go-sdk/pkg/transport/manager_full.go:234.34,238.3 2 0
github.com/ag-ui/go-sdk/pkg/transport/manager_full.go:240.2,243.12 2 0
github.com/ag-ui/go-sdk/pkg/transport/manager_full.go:247.73,254.22 6 0
github.com/ag-ui/go-sdk/pkg/transport/manager_full.go:254.22,260.3 2 0
github.com/ag-ui/go-sdk/pkg/transport/manager_full.go:263.2,263.43 1 0
github.com/ag-ui/go-sdk/pkg/transport/manager_full.go:263.43,264.64 1 0
github.com/ag-ui/go-sdk/pkg/transport/manager_full.go:264.64,271.4 2 0
github.com/ag-ui/go-sdk/pkg/transport/manager_full.go:274.2,281.46 3 0
github.com/ag-ui/go-sdk/pkg/transport/manager_full.go:281.46,283.3 1 0
github.com/ag-ui/go-sdk/pkg/transport/manager_full.go:286.2,287.16 2 0
github.com/ag-ui/go-sdk/pkg/transport/manager_full.go:287.16,293.3 2 0
github.com/ag-ui/go-sdk/pkg/transport/manager_full.go:295.2,302.12 3 0
github.com/ag-ui/go-sdk/pkg/transport/manager_full.go:306.42,307.34 1 0
github.com/ag-ui/go-sdk/pkg/transport/manager_full.go:307.34,309.3 1 0
github.com/ag-ui/go-sdk/pkg/transport/manager_full.go:310.2,310.20 1 0
github.com/ag-ui/go-sdk/pkg/transport/manager_full.go:314.41,315.34 1 0
github.com/ag-ui/go-sdk/pkg/transport/manager_full.go:315.34,317.3 1 0
github.com/ag-ui/go-sdk/pkg/transport/manager_full.go:318.2,318.20 1 0
github.com/ag-ui/go-sdk/pkg/transport/manager_full.go:322.50,326.2 3 0
github.com/ag-ui/go-sdk/pkg/transport/manager_full.go:329.64,330.34 1 0
github.com/ag-ui/go-sdk/pkg/transport/manager_full.go:330.34,332.3 1 0
github.com/ag-ui/go-sdk/pkg/transport/manager_full.go:333.2,333.30 1 0
github.com/ag-ui/go-sdk/pkg/transport/manager_full.go:337.47,344.52 5 0
github.com/ag-ui/go-sdk/pkg/transport/manager_full.go:344.52,346.3 1 0
github.com/ag-ui/go-sdk/pkg/transport/manager_full.go:348.2,348.16 1 0
github.com/ag-ui/go-sdk/pkg/transport/manager_full.go:352.53,359.30 4 0
github.com/ag-ui/go-sdk/pkg/transport/manager_full.go:359.30,366.3 4 0
github.com/ag-ui/go-sdk/pkg/transport/manager_full.go:368.2,370.22 2 0
github.com/ag-ui/go-sdk/pkg/transport/manager_full.go:370.22,376.3 2 0
github.com/ag-ui/go-sdk/pkg/transport/manager_full.go:380.54,387.6 3 0
github.com/ag-ui/go-sdk/pkg/transport/manager_full.go:387.6,388.10 1 0
github.com/ag-ui/go-sdk/pkg/transport/manager_full.go:389.39,401.45 6 0
github.com/ag-ui/go-sdk/pkg/transport/manager_full.go:401.45,403.72 2 0
github.com/ag-ui/go-sdk/pkg/transport/manager_full.go:403.72,413.6 3 0
github.com/ag-ui/go-sdk/pkg/transport/manager_full.go:413.11,415.6 1 0
github.com/ag-ui/go-sdk/pkg/transport/manager_full.go:419.4,419.65 1 0
github.com/ag-ui/go-sdk/pkg/transport/manager_full.go:419.65,424.5 1 0
github.com/ag-ui/go-sdk/pkg/transport/manager_full.go:424.10,428.5 1 0
github.com/ag-ui/go-sdk/pkg/transport/manager_full.go:429.36,435.71 2 0
github.com/ag-ui/go-sdk/pkg/transport/manager_full.go:435.71,440.5 1 0
github.com/ag-ui/go-sdk/pkg/transport/manager_full.go:440.10,443.5 1 0
github.com/ag-ui/go-sdk/pkg/transport/manager_full.go:444.21,447.10 2 0
github.com/ag-ui/go-sdk/pkg/transport/manager_full.go:453.59,458.2 3 0
github.com/ag-ui/go-sdk/pkg/transport/manager_full.go:461.39,466.2 3 0
github.com/ag-ui/go-sdk/pkg/transport/manager_full.go:469.65,473.19 3 0
github.com/ag-ui/go-sdk/pkg/transport/manager_full.go:473.19,478.3 4 0
github.com/ag-ui/go-sdk/pkg/transport/manager_full.go:480.2,486.35 4 0
github.com/ag-ui/go-sdk/pkg/transport/manager_full.go:490.59,494.2 3 0
github.com/ag-ui/go-sdk/pkg/transport/manager_full.go:497.54,506.2 4 0
github.com/ag-ui/go-sdk/pkg/transport/manager_full.go:509.46,513.2 3 0
github.com/ag-ui/go-sdk/pkg/transport/manager_simple.go:29.40,38.2 1 1
github.com/ag-ui/go-sdk/pkg/transport/manager_simple.go:41.127,45.2 3 0
github.com/ag-ui/go-sdk/pkg/transport/manager_simple.go:48.93,62.2 5 1
github.com/ag-ui/go-sdk/pkg/transport/manager_simple.go:65.59,70.32 3 1
github.com/ag-ui/go-sdk/pkg/transport/manager_simple.go:70.32,74.3 2 1
github.com/ag-ui/go-sdk/pkg/transport/manager_simple.go:76.2,76.30 1 1
github.com/ag-ui/go-sdk/pkg/transport/manager_simple.go:76.30,81.3 3 1
github.com/ag-ui/go-sdk/pkg/transport/manager_simple.go:83.2,86.59 2 1
github.com/ag-ui/go-sdk/pkg/transport/manager_simple.go:86.59,89.3 2 0
github.com/ag-ui/go-sdk/pkg/transport/manager_simple.go:92.2,92.22 1 1
github.com/ag-ui/go-sdk/pkg/transport/manager_simple.go:92.22,93.10 1 1
github.com/ag-ui/go-sdk/pkg/transport/manager_simple.go:94.39,94.39 0 1
github.com/ag-ui/go-sdk/pkg/transport/manager_simple.go:95.11,95.11 0 0
github.com/ag-ui/go-sdk/pkg/transport/manager_simple.go:102.58,104.51 1 1
github.com/ag-ui/go-sdk/pkg/transport/manager_simple.go:104.51,106.3 1 0
github.com/ag-ui/go-sdk/pkg/transport/manager_simple.go:108.2,111.30 3 1
github.com/ag-ui/go-sdk/pkg/transport/manager_simple.go:111.30,112.56 1 1
github.com/ag-ui/go-sdk/pkg/transport/manager_simple.go:112.56,116.4 2 1
github.com/ag-ui/go-sdk/pkg/transport/manager_simple.go:119.3,123.10 3 1
github.com/ag-ui/go-sdk/pkg/transport/manager_simple.go:124.39,124.39 0 0
github.com/ag-ui/go-sdk/pkg/transport/manager_simple.go:125.11,125.11 0 1
github.com/ag-ui/go-sdk/pkg/transport/manager_simple.go:130.2,130.12 1 1
github.com/ag-ui/go-sdk/pkg/transport/manager_simple.go:134.57,136.51 1 1
github.com/ag-ui/go-sdk/pkg/transport/manager_simple.go:136.51,138.3 1 1
github.com/ag-ui/go-sdk/pkg/transport/manager_simple.go:140.2,143.9 2 1
github.com/ag-ui/go-sdk/pkg/transport/manager_simple.go:144.20,144.20 0 0
github.com/ag-ui/go-sdk/pkg/transport/manager_simple.go:146.10,147.20 1 1
github.com/ag-ui/go-sdk/pkg/transport/manager_simple.go:151.2,151.32 1 1
github.com/ag-ui/go-sdk/pkg/transport/manager_simple.go:151.32,152.10 1 1
github.com/ag-ui/go-sdk/pkg/transport/manager_simple.go:153.30,153.30 0 0
github.com/ag-ui/go-sdk/pkg/transport/manager_simple.go:155.11,156.30 1 1
github.com/ag-ui/go-sdk/pkg/transport/manager_simple.go:161.2,165.12 3 1
github.com/ag-ui/go-sdk/pkg/transport/manager_simple.go:165.12,168.3 2 1
github.com/ag-ui/go-sdk/pkg/transport/manager_simple.go:170.2,170.9 1 1
github.com/ag-ui/go-sdk/pkg/transport/manager_simple.go:171.14,171.14 0 1
github.com/ag-ui/go-sdk/pkg/transport/manager_simple.go:173.20,173.20 0 0
github.com/ag-ui/go-sdk/pkg/transport/manager_simple.go:175.37,175.37 0 0
github.com/ag-ui/go-sdk/pkg/transport/manager_simple.go:180.2,183.30 3 1
github.com/ag-ui/go-sdk/pkg/transport/manager_simple.go:183.30,184.54 1 1
github.com/ag-ui/go-sdk/pkg/transport/manager_simple.go:184.54,187.4 1 0
github.com/ag-ui/go-sdk/pkg/transport/manager_simple.go:191.2,191.34 1 1
github.com/ag-ui/go-sdk/pkg/transport/manager_simple.go:191.34,193.3 1 1
github.com/ag-ui/go-sdk/pkg/transport/manager_simple.go:198.2,198.9 1 1
github.com/ag-ui/go-sdk/pkg/transport/manager_simple.go:199.26,199.26 0 1
github.com/ag-ui/go-sdk/pkg/transport/manager_simple.go:200.10,200.10 0 1
github.com/ag-ui/go-sdk/pkg/transport/manager_simple.go:204.2,204.34 1 1
github.com/ag-ui/go-sdk/pkg/transport/manager_simple.go:204.34,210.13 3 0
github.com/ag-ui/go-sdk/pkg/transport/manager_simple.go:210.13,214.14 2 0
github.com/ag-ui/go-sdk/pkg/transport/manager_simple.go:214.14,215.27 1 0
github.com/ag-ui/go-sdk/pkg/transport/manager_simple.go:215.28,217.6 0 0
github.com/ag-ui/go-sdk/pkg/transport/manager_simple.go:221.4,221.14 1 0
github.com/ag-ui/go-sdk/pkg/transport/manager_simple.go:221.14,222.27 1 0
github.com/ag-ui/go-sdk/pkg/transport/manager_simple.go:222.28,224.6 0 0
github.com/ag-ui/go-sdk/pkg/transport/manager_simple.go:228.4,232.22 3 0
github.com/ag-ui/go-sdk/pkg/transport/manager_simple.go:236.3,236.10 1 0
github.com/ag-ui/go-sdk/pkg/transport/manager_simple.go:237.18,237.18 0 0
github.com/ag-ui/go-sdk/pkg/transport/manager_simple.go:239.35,239.35 0 0
github.com/ag-ui/go-sdk/pkg/transport/manager_simple.go:246.2,246.12 1 1
github.com/ag-ui/go-sdk/pkg/transport/manager_simple.go:250.79,257.22 6 1
github.com/ag-ui/go-sdk/pkg/transport/manager_simple.go:257.22,259.3 1 1
github.com/ag-ui/go-sdk/pkg/transport/manager_simple.go:262.2,262.43 1 1
github.com/ag-ui/go-sdk/pkg/transport/manager_simple.go:262.43,263.64 1 1
github.com/ag-ui/go-sdk/pkg/transport/manager_simple.go:263.64,265.4 1 0
github.com/ag-ui/go-sdk/pkg/transport/manager_simple.go:268.2,268.35 1 1
github.com/ag-ui/go-sdk/pkg/transport/manager_simple.go:272.48,273.34 1 0
github.com/ag-ui/go-sdk/pkg/transport/manager_simple.go:273.34,275.3 1 0
github.com/ag-ui/go-sdk/pkg/transport/manager_simple.go:276.2,276.20 1 0
github.com/ag-ui/go-sdk/pkg/transport/manager_simple.go:280.47,281.34 1 0
github.com/ag-ui/go-sdk/pkg/transport/manager_simple.go:281.34,283.3 1 0
github.com/ag-ui/go-sdk/pkg/transport/manager_simple.go:284.2,284.20 1 0
github.com/ag-ui/go-sdk/pkg/transport/manager_simple.go:288.70,289.34 1 0
github.com/ag-ui/go-sdk/pkg/transport/manager_simple.go:289.34,291.3 1 0
github.com/ag-ui/go-sdk/pkg/transport/manager_simple.go:292.2,292.30 1 0
github.com/ag-ui/go-sdk/pkg/transport/manager_simple.go:296.71,300.19 3 1
github.com/ag-ui/go-sdk/pkg/transport/manager_simple.go:300.19,305.3 4 0
github.com/ag-ui/go-sdk/pkg/transport/manager_simple.go:307.2,309.38 3 1
github.com/ag-ui/go-sdk/pkg/transport/manager_simple.go:313.65,317.2 3 0
github.com/ag-ui/go-sdk/pkg/transport/manager_simple.go:320.60,324.2 3 0
github.com/ag-ui/go-sdk/pkg/transport/manager_simple.go:327.52,331.2 3 0
github.com/ag-ui/go-sdk/pkg/transport/manager_simple.go:334.41,342.6 5 1
github.com/ag-ui/go-sdk/pkg/transport/manager_simple.go:342.6,343.10 1 1
github.com/ag-ui/go-sdk/pkg/transport/manager_simple.go:344.21,345.10 1 1
github.com/ag-ui/go-sdk/pkg/transport/manager_simple.go:346.28,347.10 1 1
github.com/ag-ui/go-sdk/pkg/transport/manager_simple.go:348.11,354.24 4 1
github.com/ag-ui/go-sdk/pkg/transport/manager_simple.go:354.24,355.12 1 1
github.com/ag-ui/go-sdk/pkg/transport/manager_simple.go:356.41,363.47 5 0
github.com/ag-ui/go-sdk/pkg/transport/manager_simple.go:363.47,365.74 2 0
github.com/ag-ui/go-sdk/pkg/transport/manager_simple.go:365.74,369.8 2 0
github.com/ag-ui/go-sdk/pkg/transport/manager_simple.go:369.13,371.8 1 0
github.com/ag-ui/go-sdk/pkg/transport/manager_simple.go:375.6,375.38 1 0
github.com/ag-ui/go-sdk/pkg/transport/manager_simple.go:375.38,377.7 1 0
github.com/ag-ui/go-sdk/pkg/transport/manager_simple.go:377.12,378.14 1 0
github.com/ag-ui/go-sdk/pkg/transport/manager_simple.go:379.33,379.33 0 0
github.com/ag-ui/go-sdk/pkg/transport/manager_simple.go:380.25,381.14 1 0
github.com/ag-ui/go-sdk/pkg/transport/manager_simple.go:382.32,383.14 1 0
github.com/ag-ui/go-sdk/pkg/transport/manager_simple.go:386.38,388.38 1 0
github.com/ag-ui/go-sdk/pkg/transport/manager_simple.go:388.38,390.7 1 0
github.com/ag-ui/go-sdk/pkg/transport/manager_simple.go:390.12,391.14 1 0
github.com/ag-ui/go-sdk/pkg/transport/manager_simple.go:392.31,392.31 0 0
github.com/ag-ui/go-sdk/pkg/transport/manager_simple.go:393.25,394.14 1 0
github.com/ag-ui/go-sdk/pkg/transport/manager_simple.go:395.32,396.14 1 0
github.com/ag-ui/go-sdk/pkg/transport/manager_simple.go:399.23,400.12 1 1
github.com/ag-ui/go-sdk/pkg/transport/manager_simple.go:401.30,402.12 1 0
github.com/ag-ui/go-sdk/pkg/transport/manager_simple.go:404.10,406.12 1 0
github.com/ag-ui/go-sdk/pkg/transport/manager_simple.go:407.29,407.29 0 0
github.com/ag-ui/go-sdk/pkg/transport/manager_simple.go:409.23,410.12 1 0
github.com/ag-ui/go-sdk/pkg/transport/manager_simple.go:411.30,412.12 1 0
github.com/ag-ui/go-sdk/pkg/transport/validation.go:101.50,123.2 1 0
github.com/ag-ui/go-sdk/pkg/transport/validation.go:132.63,133.19 1 1
github.com/ag-ui/go-sdk/pkg/transport/validation.go:133.19,135.3 1 0
github.com/ag-ui/go-sdk/pkg/transport/validation.go:137.2,148.18 4 1
github.com/ag-ui/go-sdk/pkg/transport/validation.go:152.86,153.23 1 1
github.com/ag-ui/go-sdk/pkg/transport/validation.go:153.23,155.3 1 0
github.com/ag-ui/go-sdk/pkg/transport/validation.go:157.2,159.31 2 1
github.com/ag-ui/go-sdk/pkg/transport/validation.go:159.31,160.24 1 1
github.com/ag-ui/go-sdk/pkg/transport/validation.go:160.24,161.12 1 0
github.com/ag-ui/go-sdk/pkg/transport/validation.go:164.3,164.51 1 1
github.com/ag-ui/go-sdk/pkg/transport/validation.go:164.51,165.25 1 1
github.com/ag-ui/go-sdk/pkg/transport/validation.go:165.25,167.5 1 0
github.com/ag-ui/go-sdk/pkg/transport/validation.go:168.4,168.33 1 1
github.com/ag-ui/go-sdk/pkg/transport/validation.go:168.33,170.5 1 0
github.com/ag-ui/go-sdk/pkg/transport/validation.go:174.2,174.21 1 1
github.com/ag-ui/go-sdk/pkg/transport/validation.go:174.21,176.3 1 0
github.com/ag-ui/go-sdk/pkg/transport/validation.go:178.2,178.12 1 1
github.com/ag-ui/go-sdk/pkg/transport/validation.go:182.94,183.39 1 0
github.com/ag-ui/go-sdk/pkg/transport/validation.go:183.39,185.3 1 0
github.com/ag-ui/go-sdk/pkg/transport/validation.go:186.2,186.31 1 0
github.com/ag-ui/go-sdk/pkg/transport/validation.go:190.94,191.39 1 1
github.com/ag-ui/go-sdk/pkg/transport/validation.go:191.39,193.3 1 0
github.com/ag-ui/go-sdk/pkg/transport/validation.go:194.2,194.31 1 1
github.com/ag-ui/go-sdk/pkg/transport/validation.go:198.46,228.58 5 1
github.com/ag-ui/go-sdk/pkg/transport/validation.go:228.58,234.3 1 0
github.com/ag-ui/go-sdk/pkg/transport/validation.go:237.2,237.57 1 1
github.com/ag-ui/go-sdk/pkg/transport/validation.go:237.57,243.3 1 0
github.com/ag-ui/go-sdk/pkg/transport/validation.go:252.41,254.2 1 0
github.com/ag-ui/go-sdk/pkg/transport/validation.go:256.85,257.16 1 1
github.com/ag-ui/go-sdk/pkg/transport/validation.go:257.16,259.3 1 0
github.com/ag-ui/go-sdk/pkg/transport/validation.go:262.2,263.16 2 1
github.com/ag-ui/go-sdk/pkg/transport/validation.go:263.16,265.3 1 0
github.com/ag-ui/go-sdk/pkg/transport/validation.go:267.2,268.22 2 1
github.com/ag-ui/go-sdk/pkg/transport/validation.go:268.22,270.3 1 0
github.com/ag-ui/go-sdk/pkg/transport/validation.go:272.2,272.12 1 1
github.com/ag-ui/go-sdk/pkg/transport/validation.go:275.44,277.2 1 1
github.com/ag-ui/go-sdk/pkg/transport/validation.go:279.42,281.2 1 0
github.com/ag-ui/go-sdk/pkg/transport/validation.go:289.44,291.2 1 0
github.com/ag-ui/go-sdk/pkg/transport/validation.go:293.88,294.16 1 1
github.com/ag-ui/go-sdk/pkg/transport/validation.go:294.16,296.3 1 0
github.com/ag-ui/go-sdk/pkg/transport/validation.go:298.2,301.41 3 1
github.com/ag-ui/go-sdk/pkg/transport/validation.go:301.41,302.40 1 1
github.com/ag-ui/go-sdk/pkg/transport/validation.go:302.40,304.4 1 1
github.com/ag-ui/go-sdk/pkg/transport/validation.go:307.2,307.28 1 1
github.com/ag-ui/go-sdk/pkg/transport/validation.go:307.28,309.3 1 1
github.com/ag-ui/go-sdk/pkg/transport/validation.go:311.2,311.12 1 0
github.com/ag-ui/go-sdk/pkg/transport/validation.go:314.47,316.2 1 1
github.com/ag-ui/go-sdk/pkg/transport/validation.go:318.45,320.2 1 0
github.com/ag-ui/go-sdk/pkg/transport/validation.go:329.39,331.2 1 0
github.com/ag-ui/go-sdk/pkg/transport/validation.go:333.83,334.16 1 1
github.com/ag-ui/go-sdk/pkg/transport/validation.go:334.16,336.3 1 0
github.com/ag-ui/go-sdk/pkg/transport/validation.go:338.2,341.43 2 1
github.com/ag-ui/go-sdk/pkg/transport/validation.go:341.43,342.30 1 0
github.com/ag-ui/go-sdk/pkg/transport/validation.go:342.30,344.4 1 0
github.com/ag-ui/go-sdk/pkg/transport/validation.go:348.2,348.29 1 1
github.com/ag-ui/go-sdk/pkg/transport/validation.go:348.29,349.46 1 1
github.com/ag-ui/go-sdk/pkg/transport/validation.go:349.46,350.32 1 1
github.com/ag-ui/go-sdk/pkg/transport/validation.go:350.32,352.5 1 0
github.com/ag-ui/go-sdk/pkg/transport/validation.go:354.3,354.100 1 1
github.com/ag-ui/go-sdk/pkg/transport/validation.go:357.2,357.12 1 0
github.com/ag-ui/go-sdk/pkg/transport/validation.go:360.42,362.2 1 1
github.com/ag-ui/go-sdk/pkg/transport/validation.go:364.40,366.2 1 0
github.com/ag-ui/go-sdk/pkg/transport/validation.go:377.40,379.2 1 0
github.com/ag-ui/go-sdk/pkg/transport/validation.go:381.84,382.16 1 1
github.com/ag-ui/go-sdk/pkg/transport/validation.go:382.16,384.3 1 0
github.com/ag-ui/go-sdk/pkg/transport/validation.go:386.2,387.33 2 1
github.com/ag-ui/go-sdk/pkg/transport/validation.go:390.76,391.24 1 1
github.com/ag-ui/go-sdk/pkg/transport/validation.go:391.24,393.3 1 0
github.com/ag-ui/go-sdk/pkg/transport/validation.go:395.2,395.27 1 1
github.com/ag-ui/go-sdk/pkg/transport/validation.go:396.14,397.33 1 0
github.com/ag-ui/go-sdk/pkg/transport/validation.go:397.33,399.4 1 0
github.com/ag-ui/go-sdk/pkg/transport/validation.go:400.3,400.37 1 0
github.com/ag-ui/go-sdk/pkg/transport/validation.go:400.37,402.4 1 0
github.com/ag-ui/go-sdk/pkg/transport/validation.go:403.21,404.30 1 0
github.com/ag-ui/go-sdk/pkg/transport/validation.go:404.30,406.4 1 0
github.com/ag-ui/go-sdk/pkg/transport/validation.go:407.3,407.36 1 0
github.com/ag-ui/go-sdk/pkg/transport/validation.go:407.36,409.4 1 0
github.com/ag-ui/go-sdk/pkg/transport/validation.go:410.3,410.26 1 0
github.com/ag-ui/go-sdk/pkg/transport/validation.go:410.26,411.57 1 0
github.com/ag-ui/go-sdk/pkg/transport/validation.go:411.57,413.5 1 0
github.com/ag-ui/go-sdk/pkg/transport/validation.go:415.30,416.37 1 1
github.com/ag-ui/go-sdk/pkg/transport/validation.go:416.37,418.4 1 0
github.com/ag-ui/go-sdk/pkg/transport/validation.go:419.3,419.25 1 1
github.com/ag-ui/go-sdk/pkg/transport/validation.go:419.25,420.56 1 0
github.com/ag-ui/go-sdk/pkg/transport/validation.go:420.56,422.5 1 0
github.com/ag-ui/go-sdk/pkg/transport/validation.go:424.43,425.37 1 0
github.com/ag-ui/go-sdk/pkg/transport/validation.go:425.37,427.4 1 0
github.com/ag-ui/go-sdk/pkg/transport/validation.go:428.12,429.38 1 0
github.com/ag-ui/go-sdk/pkg/transport/validation.go:429.38,431.4 1 0
github.com/ag-ui/go-sdk/pkg/transport/validation.go:432.11,433.35 1 0
github.com/ag-ui/go-sdk/pkg/transport/validation.go:433.35,435.4 1 0
github.com/ag-ui/go-sdk/pkg/transport/validation.go:436.17,439.39 2 0
github.com/ag-ui/go-sdk/pkg/transport/validation.go:439.39,441.4 1 0
github.com/ag-ui/go-sdk/pkg/transport/validation.go:442.3,442.37 1 0
github.com/ag-ui/go-sdk/pkg/transport/validation.go:442.37,444.4 1 0
github.com/ag-ui/go-sdk/pkg/transport/validation.go:445.10,448.40 2 0
github.com/ag-ui/go-sdk/pkg/transport/validation.go:448.40,450.4 1 0
github.com/ag-ui/go-sdk/pkg/transport/validation.go:451.3,451.37 1 0
github.com/ag-ui/go-sdk/pkg/transport/validation.go:451.37,453.4 1 0
github.com/ag-ui/go-sdk/pkg/transport/validation.go:456.2,456.12 1 1
github.com/ag-ui/go-sdk/pkg/transport/validation.go:459.66,460.34 1 1
github.com/ag-ui/go-sdk/pkg/transport/validation.go:460.34,462.3 1 1
github.com/ag-ui/go-sdk/pkg/transport/validation.go:463.2,463.45 1 0
github.com/ag-ui/go-sdk/pkg/transport/validation.go:463.45,464.26 1 0
github.com/ag-ui/go-sdk/pkg/transport/validation.go:464.26,466.4 1 0
github.com/ag-ui/go-sdk/pkg/transport/validation.go:468.2,468.14 1 0
github.com/ag-ui/go-sdk/pkg/transport/validation.go:471.43,473.2 1 1
github.com/ag-ui/go-sdk/pkg/transport/validation.go:475.41,477.2 1 0
github.com/ag-ui/go-sdk/pkg/transport/validation.go:486.44,488.2 1 0
github.com/ag-ui/go-sdk/pkg/transport/validation.go:490.88,491.16 1 0
github.com/ag-ui/go-sdk/pkg/transport/validation.go:491.16,493.3 1 0
github.com/ag-ui/go-sdk/pkg/transport/validation.go:495.2,497.13 3 0
github.com/ag-ui/go-sdk/pkg/transport/validation.go:497.13,499.3 1 0
github.com/ag-ui/go-sdk/pkg/transport/validation.go:502.2,510.41 3 0
github.com/ag-ui/go-sdk/pkg/transport/validation.go:510.41,511.61 1 0
github.com/ag-ui/go-sdk/pkg/transport/validation.go:511.61,513.4 1 0
github.com/ag-ui/go-sdk/pkg/transport/validation.go:516.2,516.21 1 0
github.com/ag-ui/go-sdk/pkg/transport/validation.go:516.21,518.3 1 0
github.com/ag-ui/go-sdk/pkg/transport/validation.go:520.2,520.12 1 0
github.com/ag-ui/go-sdk/pkg/transport/validation.go:523.47,525.2 1 0
github.com/ag-ui/go-sdk/pkg/transport/validation.go:527.45,529.2 1 0
github.com/ag-ui/go-sdk/pkg/transport/validation.go:538.46,540.2 1 0
github.com/ag-ui/go-sdk/pkg/transport/validation.go:542.90,543.16 1 0
github.com/ag-ui/go-sdk/pkg/transport/validation.go:543.16,545.3 1 0
github.com/ag-ui/go-sdk/pkg/transport/validation.go:547.2,549.13 3 0
github.com/ag-ui/go-sdk/pkg/transport/validation.go:549.13,551.3 1 0
github.com/ag-ui/go-sdk/pkg/transport/validation.go:554.2,555.27 2 0
github.com/ag-ui/go-sdk/pkg/transport/validation.go:556.14,557.15 1 0
github.com/ag-ui/go-sdk/pkg/transport/validation.go:558.20,559.24 1 0
github.com/ag-ui/go-sdk/pkg/transport/validation.go:560.10,561.34 1 0
github.com/ag-ui/go-sdk/pkg/transport/validation.go:564.2,564.38 1 0
github.com/ag-ui/go-sdk/pkg/transport/validation.go:564.38,566.3 1 0
github.com/ag-ui/go-sdk/pkg/transport/validation.go:568.2,568.12 1 0
github.com/ag-ui/go-sdk/pkg/transport/validation.go:571.49,573.2 1 0
github.com/ag-ui/go-sdk/pkg/transport/validation.go:575.47,577.2 1 0
github.com/ag-ui/go-sdk/pkg/transport/validation.go:587.35,589.2 1 0
github.com/ag-ui/go-sdk/pkg/transport/validation.go:591.37,593.2 1 0
github.com/ag-ui/go-sdk/pkg/transport/validation.go:595.45,597.2 1 0
github.com/ag-ui/go-sdk/pkg/transport/validation.go:599.53,601.2 1 0
github.com/ag-ui/go-sdk/pkg/transport/validation.go:609.42,610.24 1 0
github.com/ag-ui/go-sdk/pkg/transport/validation.go:610.24,612.3 1 0
github.com/ag-ui/go-sdk/pkg/transport/validation.go:614.2,615.31 2 0
github.com/ag-ui/go-sdk/pkg/transport/validation.go:615.31,617.3 1 0
github.com/ag-ui/go-sdk/pkg/transport/validation.go:619.2,619.76 1 0
github.com/ag-ui/go-sdk/pkg/transport/validation.go:622.44,624.2 1 0
github.com/ag-ui/go-sdk/pkg/transport/validation.go:626.42,627.24 1 0
github.com/ag-ui/go-sdk/pkg/transport/validation.go:627.24,629.3 1 0
github.com/ag-ui/go-sdk/pkg/transport/validation.go:630.2,630.12 1 0
github.com/ag-ui/go-sdk/pkg/transport/validation.go:634.74,639.2 1 1
github.com/ag-ui/go-sdk/pkg/transport/validation.go:642.40,645.2 2 0
github.com/ag-ui/go-sdk/pkg/transport/validation.go:654.65,656.17 2 0
github.com/ag-ui/go-sdk/pkg/transport/validation.go:656.17,658.3 1 0
github.com/ag-ui/go-sdk/pkg/transport/validation.go:661.2,664.13 3 0
github.com/ag-ui/go-sdk/pkg/transport/validation.go:668.98,674.2 1 0
github.com/ag-ui/go-sdk/pkg/transport/validation_middleware.go:39.78,40.19 1 0
github.com/ag-ui/go-sdk/pkg/transport/validation_middleware.go:40.19,42.3 1 0
github.com/ag-ui/go-sdk/pkg/transport/validation_middleware.go:44.2,53.3 1 0
github.com/ag-ui/go-sdk/pkg/transport/validation_middleware.go:57.103,59.19 2 0
github.com/ag-ui/go-sdk/pkg/transport/validation_middleware.go:59.19,61.3 1 0
github.com/ag-ui/go-sdk/pkg/transport/validation_middleware.go:62.2,62.19 1 0
github.com/ag-ui/go-sdk/pkg/transport/validation_middleware.go:66.68,71.2 1 0
github.com/ag-ui/go-sdk/pkg/transport/validation_middleware.go:74.57,78.2 3 0
github.com/ag-ui/go-sdk/pkg/transport/validation_middleware.go:81.49,85.2 3 0
github.com/ag-ui/go-sdk/pkg/transport/validation_middleware.go:88.63,97.48 6 0
github.com/ag-ui/go-sdk/pkg/transport/validation_middleware.go:97.48,99.3 1 0
github.com/ag-ui/go-sdk/pkg/transport/validation_middleware.go:101.2,101.48 1 0
github.com/ag-ui/go-sdk/pkg/transport/validation_middleware.go:101.48,103.3 1 0
github.com/ag-ui/go-sdk/pkg/transport/validation_middleware.go:105.2,105.16 1 0
github.com/ag-ui/go-sdk/pkg/transport/validation_middleware.go:109.47,127.2 16 0
github.com/ag-ui/go-sdk/pkg/transport/validation_middleware.go:130.71,137.2 5 0
github.com/ag-ui/go-sdk/pkg/transport/validation_middleware.go:140.113,141.20 1 0
github.com/ag-ui/go-sdk/pkg/transport/validation_middleware.go:141.20,143.3 1 0
github.com/ag-ui/go-sdk/pkg/transport/validation_middleware.go:145.2,146.15 2 0
github.com/ag-ui/go-sdk/pkg/transport/validation_middleware.go:146.15,149.3 2 0
github.com/ag-ui/go-sdk/pkg/transport/validation_middleware.go:151.2,152.19 2 0
github.com/ag-ui/go-sdk/pkg/transport/validation_middleware.go:153.18,154.49 1 0
github.com/ag-ui/go-sdk/pkg/transport/validation_middleware.go:155.18,156.49 1 0
github.com/ag-ui/go-sdk/pkg/transport/validation_middleware.go:157.10,158.41 1 0
github.com/ag-ui/go-sdk/pkg/transport/validation_middleware.go:161.2,161.16 1 0
github.com/ag-ui/go-sdk/pkg/transport/validation_middleware.go:161.16,169.3 3 0
github.com/ag-ui/go-sdk/pkg/transport/validation_middleware.go:171.2,176.12 2 0
github.com/ag-ui/go-sdk/pkg/transport/validation_middleware.go:180.121,187.29 5 0
github.com/ag-ui/go-sdk/pkg/transport/validation_middleware.go:187.29,189.3 1 0
github.com/ag-ui/go-sdk/pkg/transport/validation_middleware.go:189.8,189.36 1 0
github.com/ag-ui/go-sdk/pkg/transport/validation_middleware.go:189.36,191.3 1 0
github.com/ag-ui/go-sdk/pkg/transport/validation_middleware.go:193.2,196.16 3 0
github.com/ag-ui/go-sdk/pkg/transport/validation_middleware.go:196.16,203.43 5 0
github.com/ag-ui/go-sdk/pkg/transport/validation_middleware.go:203.43,204.34 1 0
github.com/ag-ui/go-sdk/pkg/transport/validation_middleware.go:204.34,205.42 1 0
github.com/ag-ui/go-sdk/pkg/transport/validation_middleware.go:205.42,207.6 1 0
github.com/ag-ui/go-sdk/pkg/transport/validation_middleware.go:210.8,212.3 1 0
github.com/ag-ui/go-sdk/pkg/transport/validation_middleware.go:215.2,218.44 3 0
github.com/ag-ui/go-sdk/pkg/transport/validation_middleware.go:218.44,220.3 1 0
github.com/ag-ui/go-sdk/pkg/transport/validation_middleware.go:230.84,231.75 1 0
github.com/ag-ui/go-sdk/pkg/transport/validation_middleware.go:231.75,233.3 1 0
github.com/ag-ui/go-sdk/pkg/transport/validation_middleware.go:235.2,235.37 1 0
github.com/ag-ui/go-sdk/pkg/transport/validation_middleware.go:239.53,243.12 3 0
github.com/ag-ui/go-sdk/pkg/transport/validation_middleware.go:243.12,246.35 2 0
github.com/ag-ui/go-sdk/pkg/transport/validation_middleware.go:246.35,250.83 2 0
github.com/ag-ui/go-sdk/pkg/transport/validation_middleware.go:250.83,261.5 3 0
github.com/ag-ui/go-sdk/pkg/transport/validation_middleware.go:261.10,263.5 1 0
github.com/ag-ui/go-sdk/pkg/transport/validation_middleware.go:266.4,266.26 1 0
github.com/ag-ui/go-sdk/pkg/transport/validation_middleware.go:270.2,270.22 1 0
github.com/ag-ui/go-sdk/pkg/transport/validation_middleware.go:283.97,284.19 1 0
github.com/ag-ui/go-sdk/pkg/transport/validation_middleware.go:284.19,286.3 1 0
github.com/ag-ui/go-sdk/pkg/transport/validation_middleware.go:288.2,297.3 1 0
github.com/ag-ui/go-sdk/pkg/transport/validation_middleware.go:301.122,303.19 2 0
github.com/ag-ui/go-sdk/pkg/transport/validation_middleware.go:303.19,305.3 1 0
github.com/ag-ui/go-sdk/pkg/transport/validation_middleware.go:306.2,306.11 1 0
github.com/ag-ui/go-sdk/pkg/transport/validation_middleware.go:310.86,311.62 1 0
github.com/ag-ui/go-sdk/pkg/transport/validation_middleware.go:311.62,312.67 1 0
github.com/ag-ui/go-sdk/pkg/transport/validation_middleware.go:312.67,318.4 2 0
github.com/ag-ui/go-sdk/pkg/transport/validation_middleware.go:321.2,321.38 1 0
github.com/ag-ui/go-sdk/pkg/transport/validation_middleware.go:325.55,329.12 3 0
github.com/ag-ui/go-sdk/pkg/transport/validation_middleware.go:329.12,332.35 2 0
github.com/ag-ui/go-sdk/pkg/transport/validation_middleware.go:332.35,333.64 1 0
github.com/ag-ui/go-sdk/pkg/transport/validation_middleware.go:333.64,335.75 2 0
github.com/ag-ui/go-sdk/pkg/transport/validation_middleware.go:335.75,344.6 3 0
github.com/ag-ui/go-sdk/pkg/transport/validation_middleware.go:344.11,346.6 1 0
github.com/ag-ui/go-sdk/pkg/transport/validation_middleware.go:349.4,349.26 1 0
github.com/ag-ui/go-sdk/pkg/transport/validation_middleware.go:353.2,353.22 1 0
github.com/ag-ui/go-sdk/pkg/transport/validation_middleware.go:357.73,366.49 6 0
github.com/ag-ui/go-sdk/pkg/transport/validation_middleware.go:366.49,368.3 1 0
github.com/ag-ui/go-sdk/pkg/transport/validation_middleware.go:370.2,370.49 1 0
github.com/ag-ui/go-sdk/pkg/transport/validation_middleware.go:370.49,372.3 1 0
github.com/ag-ui/go-sdk/pkg/transport/validation_middleware.go:374.2,374.16 1 0
github.com/ag-ui/go-sdk/pkg/transport/validation_middleware.go:378.81,381.2 2 0
github.com/ag-ui/go-sdk/pkg/transport/validation_performance.go:35.105,43.2 1 0
github.com/ag-ui/go-sdk/pkg/transport/validation_performance.go:46.86,55.12 5 0
github.com/ag-ui/go-sdk/pkg/transport/validation_performance.go:55.12,58.3 2 0
github.com/ag-ui/go-sdk/pkg/transport/validation_performance.go:61.2,66.38 4 0
github.com/ag-ui/go-sdk/pkg/transport/validation_performance.go:66.38,68.3 1 0
github.com/ag-ui/go-sdk/pkg/transport/validation_performance.go:69.2,72.15 3 0
github.com/ag-ui/go-sdk/pkg/transport/validation_performance.go:76.94,78.2 1 0
github.com/ag-ui/go-sdk/pkg/transport/validation_performance.go:81.94,83.2 1 0
github.com/ag-ui/go-sdk/pkg/transport/validation_performance.go:86.74,89.2 1 0
github.com/ag-ui/go-sdk/pkg/transport/validation_performance.go:92.71,95.17 2 0
github.com/ag-ui/go-sdk/pkg/transport/validation_performance.go:95.17,97.3 1 0
github.com/ag-ui/go-sdk/pkg/transport/validation_performance.go:100.2,100.54 1 0
github.com/ag-ui/go-sdk/pkg/transport/validation_performance.go:104.46,105.22 1 0
github.com/ag-ui/go-sdk/pkg/transport/validation_performance.go:106.14,107.18 1 0
github.com/ag-ui/go-sdk/pkg/transport/validation_performance.go:108.43,109.18 1 0
github.com/ag-ui/go-sdk/pkg/transport/validation_performance.go:110.12,111.19 1 0
github.com/ag-ui/go-sdk/pkg/transport/validation_performance.go:112.21,113.17 1 0
github.com/ag-ui/go-sdk/pkg/transport/validation_performance.go:114.30,115.18 1 0
github.com/ag-ui/go-sdk/pkg/transport/validation_performance.go:116.11,117.16 1 0
github.com/ag-ui/go-sdk/pkg/transport/validation_performance.go:118.10,119.19 1 0
github.com/ag-ui/go-sdk/pkg/transport/validation_performance.go:124.42,127.28 1 0
github.com/ag-ui/go-sdk/pkg/transport/validation_performance.go:127.28,132.8 5 0
github.com/ag-ui/go-sdk/pkg/transport/validation_performance.go:137.50,142.9 4 0
github.com/ag-ui/go-sdk/pkg/transport/validation_performance.go:142.9,145.3 2 0
github.com/ag-ui/go-sdk/pkg/transport/validation_performance.go:145.8,148.3 2 0
github.com/ag-ui/go-sdk/pkg/transport/validation_performance.go:150.2,150.32 1 0
github.com/ag-ui/go-sdk/pkg/transport/validation_performance.go:150.32,152.3 1 0
github.com/ag-ui/go-sdk/pkg/transport/validation_performance.go:154.2,154.36 1 0
github.com/ag-ui/go-sdk/pkg/transport/validation_performance.go:158.55,162.2 3 0
github.com/ag-ui/go-sdk/pkg/transport/validation_performance.go:165.41,173.2 6 0
github.com/ag-ui/go-sdk/pkg/transport/validation_performance.go:186.64,187.19 1 0
github.com/ag-ui/go-sdk/pkg/transport/validation_performance.go:187.19,193.3 1 0
github.com/ag-ui/go-sdk/pkg/transport/validation_performance.go:195.2,196.45 2 0
github.com/ag-ui/go-sdk/pkg/transport/validation_performance.go:196.45,198.3 1 0
github.com/ag-ui/go-sdk/pkg/transport/validation_performance.go:200.2,206.3 1 0
github.com/ag-ui/go-sdk/pkg/transport/validation_performance.go:210.84,211.24 1 0
github.com/ag-ui/go-sdk/pkg/transport/validation_performance.go:211.24,213.3 1 0
github.com/ag-ui/go-sdk/pkg/transport/validation_performance.go:218.2,218.64 1 0
github.com/ag-ui/go-sdk/pkg/transport/validation_performance.go:218.64,220.3 1 0
github.com/ag-ui/go-sdk/pkg/transport/validation_performance.go:223.2,224.42 2 0
github.com/ag-ui/go-sdk/pkg/transport/validation_performance.go:224.42,225.40 1 0
github.com/ag-ui/go-sdk/pkg/transport/validation_performance.go:225.40,227.4 1 0
github.com/ag-ui/go-sdk/pkg/transport/validation_performance.go:231.2,231.27 1 0
github.com/ag-ui/go-sdk/pkg/transport/validation_performance.go:231.27,233.40 2 0
github.com/ag-ui/go-sdk/pkg/transport/validation_performance.go:233.40,235.4 1 0
github.com/ag-ui/go-sdk/pkg/transport/validation_performance.go:238.2,238.12 1 0
github.com/ag-ui/go-sdk/pkg/transport/validation_performance.go:242.92,243.40 1 0
github.com/ag-ui/go-sdk/pkg/transport/validation_performance.go:243.40,245.3 1 0
github.com/ag-ui/go-sdk/pkg/transport/validation_performance.go:246.2,246.32 1 0
github.com/ag-ui/go-sdk/pkg/transport/validation_performance.go:250.92,251.40 1 0
github.com/ag-ui/go-sdk/pkg/transport/validation_performance.go:251.40,253.3 1 0
github.com/ag-ui/go-sdk/pkg/transport/validation_performance.go:254.2,254.32 1 0
github.com/ag-ui/go-sdk/pkg/transport/validation_performance.go:258.74,260.31 2 0
github.com/ag-ui/go-sdk/pkg/transport/validation_performance.go:260.31,262.3 1 0
github.com/ag-ui/go-sdk/pkg/transport/validation_performance.go:263.2,263.13 1 0
github.com/ag-ui/go-sdk/pkg/transport/validation_performance.go:267.69,268.27 1 0
github.com/ag-ui/go-sdk/pkg/transport/validation_performance.go:269.14,270.23 1 0
github.com/ag-ui/go-sdk/pkg/transport/validation_performance.go:271.43,272.11 1 0
github.com/ag-ui/go-sdk/pkg/transport/validation_performance.go:273.12,274.11 1 0
github.com/ag-ui/go-sdk/pkg/transport/validation_performance.go:275.21,277.26 2 0
github.com/ag-ui/go-sdk/pkg/transport/validation_performance.go:277.26,279.4 1 0
github.com/ag-ui/go-sdk/pkg/transport/validation_performance.go:280.3,280.14 1 0
github.com/ag-ui/go-sdk/pkg/transport/validation_performance.go:281.30,283.27 2 0
github.com/ag-ui/go-sdk/pkg/transport/validation_performance.go:283.27,285.4 1 0
github.com/ag-ui/go-sdk/pkg/transport/validation_performance.go:286.3,286.14 1 0
github.com/ag-ui/go-sdk/pkg/transport/validation_performance.go:287.10,288.13 1 0
github.com/ag-ui/go-sdk/pkg/transport/validation_performance.go:302.79,308.2 1 0
github.com/ag-ui/go-sdk/pkg/transport/validation_performance.go:311.43,312.9 1 0
github.com/ag-ui/go-sdk/pkg/transport/validation_performance.go:313.36,314.19 1 0
github.com/ag-ui/go-sdk/pkg/transport/validation_performance.go:315.10,317.30 2 0
github.com/ag-ui/go-sdk/pkg/transport/validation_performance.go:317.30,321.4 3 0
github.com/ag-ui/go-sdk/pkg/transport/validation_performance.go:322.3,324.22 2 0
github.com/ag-ui/go-sdk/pkg/transport/validation_performance.go:329.52,330.9 1 0
github.com/ag-ui/go-sdk/pkg/transport/validation_performance.go:331.34,331.34 0 0
github.com/ag-ui/go-sdk/pkg/transport/validation_performance.go:332.10,332.10 0 0
github.com/ag-ui/go-sdk/pkg/transport/validation_performance.go:344.76,349.2 1 0
github.com/ag-ui/go-sdk/pkg/transport/validation_performance.go:352.95,356.49 2 0
github.com/ag-ui/go-sdk/pkg/transport/validation_performance.go:356.49,358.24 2 0
github.com/ag-ui/go-sdk/pkg/transport/validation_performance.go:358.24,360.4 1 0
github.com/ag-ui/go-sdk/pkg/transport/validation_performance.go:363.3,363.28 1 0
github.com/ag-ui/go-sdk/pkg/transport/validation_performance.go:363.28,365.4 1 0
github.com/ag-ui/go-sdk/pkg/transport/validation_performance.go:368.3,368.23 1 0
github.com/ag-ui/go-sdk/pkg/transport/validation_performance.go:368.23,370.4 1 0
github.com/ag-ui/go-sdk/pkg/transport/validation_performance.go:373.2,373.15 1 0
github.com/ag-ui/go-sdk/pkg/transport/validation_performance.go:398.103,411.31 3 0
github.com/ag-ui/go-sdk/pkg/transport/validation_performance.go:411.31,414.3 2 0
github.com/ag-ui/go-sdk/pkg/transport/validation_performance.go:416.2,416.11 1 0
github.com/ag-ui/go-sdk/pkg/transport/validation_performance.go:420.43,423.6 2 0
github.com/ag-ui/go-sdk/pkg/transport/validation_performance.go:423.6,424.10 1 0
github.com/ag-ui/go-sdk/pkg/transport/validation_performance.go:425.27,431.11 2 0
github.com/ag-ui/go-sdk/pkg/transport/validation_performance.go:432.30,432.30 0 0
github.com/ag-ui/go-sdk/pkg/transport/validation_performance.go:433.25,434.11 1 0
github.com/ag-ui/go-sdk/pkg/transport/validation_performance.go:436.24,437.10 1 0
github.com/ag-ui/go-sdk/pkg/transport/validation_performance.go:443.87,449.9 2 0
github.com/ag-ui/go-sdk/pkg/transport/validation_performance.go:450.24,451.13 1 0
github.com/ag-ui/go-sdk/pkg/transport/validation_performance.go:452.23,453.22 1 0
github.com/ag-ui/go-sdk/pkg/transport/validation_performance.go:454.10,455.58 1 0
github.com/ag-ui/go-sdk/pkg/transport/validation_performance.go:460.68,461.9 1 0
github.com/ag-ui/go-sdk/pkg/transport/validation_performance.go:462.30,463.39 1 0
github.com/ag-ui/go-sdk/pkg/transport/validation_performance.go:464.23,465.33 1 0
github.com/ag-ui/go-sdk/pkg/transport/validation_performance.go:466.10,467.24 1 0
github.com/ag-ui/go-sdk/pkg/transport/validation_performance.go:472.42,477.2 4 0
